{
  "0 debug pnpm:scope": {
    "selected": 1
  },
  "1 error pnpm": {
    "code": "ELIFECYCLE",
    "errno": "ENOENT",
    "syscall": "spawn",
    "file": "sh",
    "pkgid": "client@0.1.0",
    "stage": "start",
    "script": "vite",
    "pkgname": "client",
    "err": {
      "name": "pnpm",
      "message": "client@0.1.0 start: `vite`\nspawn ENOENT",
      "code": "ELIFECYCLE",
      "stack": "pnpm: client@0.1.0 start: `vite`\nspawn ENOENT\n    at ChildProcess.<anonymous> (/usr/local/pnpm-global/5/node_modules/.pnpm/pnpm@7.1.0/node_modules/pnpm/dist/pnpm.cjs:93448:22)\n    at ChildProcess.emit (node:events:513:28)\n    at maybeClose (node:internal/child_process:1093:16)\n    at Process.ChildProcess._handle.onexit (node:internal/child_process:302:5)"
    }
  },
  "2 warn pnpm:global": " Local package.json exists, but node_modules missing, did you mean to install?"
}